06/02 08:44:07 AM | Start meta architecture search
06/02 08:44:09 AM | alpha initial = [Parameter containing:
tensor([[ 7.6908e-04,  2.0164e-04,  2.2330e-04,  1.8062e-03,  4.3002e-05,
          1.2903e-03, -1.2468e-03],
        [-7.2812e-04,  1.5380e-03,  1.5968e-04,  5.4459e-04,  6.5495e-04,
          1.4745e-03,  4.4671e-04]], device='cuda:0', requires_grad=True), Parameter containing:
tensor([[ 4.9649e-04,  4.0249e-04, -2.7930e-03,  2.7559e-04, -6.6387e-04,
          3.2491e-04, -8.4737e-04],
        [ 1.9999e-04,  9.2824e-04, -2.9750e-03,  1.3692e-03, -5.6924e-04,
          8.7399e-07,  2.4786e-04],
        [-1.3226e-03,  1.3877e-03, -1.9121e-03, -1.9987e-04, -6.7456e-04,
          1.3252e-04, -5.3790e-05]], device='cuda:0', requires_grad=True), Parameter containing:
tensor([[ 2.1155e-03, -2.2628e-03, -7.4327e-04,  1.0644e-03,  1.8720e-03,
          9.8934e-04, -3.1882e-04],
        [ 1.0462e-03, -1.3009e-04,  5.6807e-04, -2.5826e-04, -4.8404e-04,
          1.2278e-03,  8.8981e-04],
        [-1.1534e-04,  2.4866e-03, -1.5184e-03,  6.3121e-04, -4.3651e-04,
         -4.0927e-04, -1.6691e-03],
        [-1.0173e-04, -8.3630e-04,  2.9965e-05,  9.6004e-04,  2.5847e-04,
          1.6034e-07,  1.1568e-03]], device='cuda:0', requires_grad=True), Parameter containing:
tensor([[-8.5148e-04, -1.0305e-03,  1.6298e-03,  1.3116e-04,  1.5418e-04,
         -5.4177e-04, -3.6718e-04],
        [-1.0177e-03,  1.3056e-03, -1.2397e-05, -2.2020e-04,  6.9486e-04,
          9.4206e-04, -2.1466e-03]], device='cuda:0', requires_grad=True), Parameter containing:
tensor([[ 0.0001,  0.0008,  0.0002,  0.0011, -0.0004, -0.0003,  0.0004],
        [-0.0007,  0.0004,  0.0008, -0.0005, -0.0006, -0.0003,  0.0015],
        [ 0.0011,  0.0004,  0.0009, -0.0013,  0.0002, -0.0017, -0.0001]],
       device='cuda:0', requires_grad=True), Parameter containing:
tensor([[ 1.3786e-03,  5.9945e-04,  6.3499e-04, -1.0929e-03, -2.4753e-04,
         -4.0244e-04, -3.3589e-04],
        [-1.8159e-03,  3.1664e-04, -5.2998e-05, -3.6177e-04,  7.2660e-04,
          5.8214e-04,  7.4711e-04],
        [-1.8791e-04, -6.7032e-04,  8.0266e-04,  1.2353e-03, -1.4099e-03,
         -1.3106e-03,  8.7483e-04],
        [-7.7976e-04, -1.1584e-03, -1.7285e-03,  6.9930e-04, -1.3495e-03,
         -2.0313e-04, -1.1289e-03]], device='cuda:0', requires_grad=True), Parameter containing:
tensor([-0.0008], device='cuda:0', requires_grad=True), Parameter containing:
tensor([0.0005, 0.0006, 0.0013], device='cuda:0', requires_grad=True), Parameter containing:
tensor([ 1.0316e-03, -3.8505e-04, -4.9968e-04, -4.4031e-04, -2.0336e-04,
         3.5365e-05], device='cuda:0', requires_grad=True), Parameter containing:
tensor([-0.0015], device='cuda:0', requires_grad=True), Parameter containing:
tensor([-0.0004, -0.0002, -0.0008], device='cuda:0', requires_grad=True), Parameter containing:
tensor([-0.0019,  0.0011, -0.0003,  0.0007,  0.0007, -0.0009], device='cuda:0',
       requires_grad=True)] 
06/02 08:44:09 AM | 
06/02 08:44:09 AM | Parameters:
06/02 08:44:09 AM | A_META_ANNEAL=0
06/02 08:44:09 AM | A_META_LR=0.6
06/02 08:44:09 AM | A_META_OPTIM=SGD (
Parameter Group 0
    dampening: 0
    lr: 0.6
    momentum: 0
    nesterov: False
    weight_decay: 0
)
06/02 08:44:09 AM | A_TASK_ANNEAL=0
06/02 08:44:09 AM | ALPHA_LR=0.005
06/02 08:44:09 AM | ALPHA_PRUNE_THRESHOLD=0.01
06/02 08:44:09 AM | ALPHA_WEIGHT_DECAY=0.001
06/02 08:44:09 AM | ANNEAL_SOFTMAX_TEMPERATURE=False
06/02 08:44:09 AM | BATCH_SIZE=20
06/02 08:44:09 AM | BATCH_SIZE_TEST=10
06/02 08:44:09 AM | DATA_PATH=/home/ubuntu/metanas_custom/omniglot
06/02 08:44:09 AM | DATASET=omniglot
06/02 08:44:09 AM | DEVICE=cuda
06/02 08:44:09 AM | DO_UNROLLED_ARCHITECTURE_STEPS=False
06/02 08:44:09 AM | DROP_PATH_PROB=0.2
06/02 08:44:09 AM | EVAL=False
06/02 08:44:09 AM | EVAL_EPOCHS=10
06/02 08:44:09 AM | EVAL_FREQ=1000
06/02 08:44:09 AM | EVAL_PREFIX=
06/02 08:44:09 AM | GPUS=[0]
06/02 08:44:09 AM | HP_SETTING=og_metanas
06/02 08:44:09 AM | INIT_CHANNELS=28
06/02 08:44:09 AM | JOB_ID=0
06/02 08:44:09 AM | K=20
06/02 08:44:09 AM | LAYERS=4
06/02 08:44:09 AM | LOGGER=<Logger darts (INFO)>
06/02 08:44:09 AM | LOSS_NN=loss_nn
06/02 08:44:09 AM | META_BATCH_SIZE=10
06/02 08:44:09 AM | META_EPOCHS=50
06/02 08:44:09 AM | META_MODEL=searchcnn
06/02 08:44:09 AM | META_MODEL_PRUNE_THRESHOLD=0.01
06/02 08:44:09 AM | MODEL_PATH=None
06/02 08:44:09 AM | N=5
06/02 08:44:09 AM | N_TRAIN=15
06/02 08:44:09 AM | NAME=metatrain_og
06/02 08:44:09 AM | NODES=3
06/02 08:44:09 AM | NORMALIZER=softmax
06/02 08:44:09 AM | NORMALIZER_T_MAX=1.0
06/02 08:44:09 AM | NORMALIZER_T_MIN=0.05
06/02 08:44:09 AM | NORMALIZER_TEMP_ANNEAL_MODE=linear
06/02 08:44:09 AM | PATH=/home/ubuntu/metanas_custom/results/
06/02 08:44:09 AM | PHI_GRAD_CLIP=1000000.0
06/02 08:44:09 AM | PHI_LR=0.01
06/02 08:44:09 AM | PHI_META_ANNEAL=1
06/02 08:44:09 AM | PHI_META_LR=0.001
06/02 08:44:09 AM | PHI_META_OPTIM=SGD (
Parameter Group 0
    dampening: 0
    lr: 0.001
    momentum: 0
    nesterov: False
    weight_decay: 0
)
06/02 08:44:09 AM | PHI_MOMENTUM=0.0
06/02 08:44:09 AM | PHI_TASK_ANNEAL=0
06/02 08:44:09 AM | PHI_WEIGHT_DECAY=0.0
06/02 08:44:09 AM | PLOT_PATH=/home/ubuntu/metanas_custom/results/plots
06/02 08:44:09 AM | PRINT_FREQ=50
06/02 08:44:09 AM | Q=1
06/02 08:44:09 AM | REDUCTION_LAYERS=[1, 3]
06/02 08:44:09 AM | SEED=2
06/02 08:44:09 AM | SPARSIFY_INPUT_ALPHAS=None
06/02 08:44:09 AM | START_EPOCH=1
06/02 08:44:09 AM | TASK_TRAIN_STEPS=5
06/02 08:44:09 AM | TEST_ADAPT_STEPS=1.0
06/02 08:44:09 AM | TEST_META_BATCH_SIZE=25
06/02 08:44:09 AM | TEST_TASK_TRAIN_STEPS=50
06/02 08:44:09 AM | USE_DROP_PATH_IN_META_TESTING=False
06/02 08:44:09 AM | USE_FIRST_ORDER_DARTS=True
06/02 08:44:09 AM | USE_HIERARCHICAL_ALPHAS=False
06/02 08:44:09 AM | USE_HP_SETTING=1
06/02 08:44:09 AM | USE_PAIRWISE_INPUT_ALPHAS=True
06/02 08:44:09 AM | USE_TORCHMETA_LOADER=True
06/02 08:44:09 AM | USE_VINYALS_SPLIT=False
06/02 08:44:09 AM | W_GRAD_CLIP=1000000.0
06/02 08:44:09 AM | W_LR=0.005
06/02 08:44:09 AM | W_META_ANNEAL=0
06/02 08:44:09 AM | W_META_LR=1.0
06/02 08:44:09 AM | W_META_OPTIM=SGD (
Parameter Group 0
    dampening: 0
    lr: 1.0
    momentum: 0
    nesterov: False
    weight_decay: 0
)
06/02 08:44:09 AM | W_MOMENTUM=0.0
06/02 08:44:09 AM | W_TASK_ANNEAL=0
06/02 08:44:09 AM | W_WEIGHT_DECAY=0.0
06/02 08:44:09 AM | WARM_UP_EPOCHS=0
06/02 08:44:09 AM | WORKERS=0
06/02 08:44:09 AM | 
06/02 09:38:19 AM | Train: [50/50] Time (sample, batch, sp_io, total): 1.49, 45.38, 0.00, 47.16 Train-TestLoss 2.345 Train-TestPrec@(1,) (33.0%, 100.0%)
06/02 09:38:37 AM | train steps for evaluation:50 
06/02 09:52:05 AM | Test data evaluation:: [ 0/10] Test-TestLoss 1.337 Test-TestPrec@(1,) (55.4%, 100.0%) 
 Sparse_num_params (mean, min, max): 446424.0, 408120, 462272
06/02 10:05:32 AM | Test data evaluation:: [ 1/10] Test-TestLoss 1.397 Test-TestPrec@(1,) (55.3%, 100.0%) 
 Sparse_num_params (mean, min, max): 444838.08, 393616, 462272
06/02 10:19:04 AM | Test data evaluation:: [ 2/10] Test-TestLoss 1.454 Test-TestPrec@(1,) (53.7%, 100.0%) 
 Sparse_num_params (mean, min, max): 445189.76, 389192, 462272
06/02 10:32:39 AM | Test data evaluation:: [ 3/10] Test-TestLoss 1.458 Test-TestPrec@(1,) (53.6%, 100.0%) 
 Sparse_num_params (mean, min, max): 445731.28, 389192, 462272
06/02 10:46:15 AM | Test data evaluation:: [ 4/10] Test-TestLoss 1.429 Test-TestPrec@(1,) (54.4%, 100.0%) 
 Sparse_num_params (mean, min, max): 445292.352, 389192, 462272
06/02 10:59:49 AM | Test data evaluation:: [ 5/10] Test-TestLoss 1.463 Test-TestPrec@(1,) (53.6%, 100.0%) 
 Sparse_num_params (mean, min, max): 444979.5733333333, 389192, 462272
06/02 11:13:30 AM | Test data evaluation:: [ 6/10] Test-TestLoss 1.470 Test-TestPrec@(1,) (53.6%, 100.0%) 
 Sparse_num_params (mean, min, max): 445310.08, 389192, 462272
06/02 11:27:07 AM | Test data evaluation:: [ 7/10] Test-TestLoss 1.469 Test-TestPrec@(1,) (53.6%, 100.0%) 
 Sparse_num_params (mean, min, max): 444939.72, 373624, 462272
06/02 11:41:04 AM | Test data evaluation:: [ 8/10] Test-TestLoss 1.466 Test-TestPrec@(1,) (53.8%, 100.0%) 
 Sparse_num_params (mean, min, max): 444979.2, 373624, 462272
06/02 11:54:51 AM | Test data evaluation:: [ 9/10] Test-TestLoss 1.471 Test-TestPrec@(1,) (53.7%, 100.0%) 
 Sparse_num_params (mean, min, max): 444759.232, 373624, 462272
06/02 11:54:52 AM | Finished meta architecture search
